<?xml version="1.0" encoding="UTF-8"?>
<!-- Generated by org.testng.reporters.JUnitReportReporter -->
<testsuite hostname="SP01-LPT-139" name="SmokeTesting.SmokeTesting" tests="1" failures="0" timestamp="12 Feb 2018 07:19:41 GMT" time="311.487" errors="0">
  <testcase name="ProceedWithTesting" time="311.487" classname="SmokeTesting.SmokeTesting"/>
</testsuite> <!-- SmokeTesting.SmokeTesting -->
