<?xml version="1.0" encoding="UTF-8"?>
<!-- Generated by org.testng.reporters.JUnitReportReporter -->
<testsuite hostname="SP01-LPT-098" name="test1.NotepadTest" tests="1" failures="0" timestamp="3 Aug 2016 12:29:21 GMT" time="27.414" errors="0">
  <testcase name="test" time="27.414" classname="test1.NotepadTest"/>
</testsuite> <!-- test1.NotepadTest -->
