<?xml version="1.0" encoding="UTF-8"?>
<!-- Generated by org.testng.reporters.JUnitReportReporter -->
<testsuite hostname="SP01-LPT-098" name="test1.EzjemsTest" tests="1" failures="0" timestamp="3 Oct 2016 14:28:21 GMT" time="38.857" errors="0">
  <testcase name="EzjemsTestapp" time="38.857" classname="test1.EzjemsTest"/>
</testsuite> <!-- test1.EzjemsTest -->
