<?xml version="1.0" encoding="UTF-8"?>
<!-- Generated by org.testng.reporters.JUnitReportReporter -->
<testsuite hostname="SP01-LPT-098" name="test1.TestNotepad" tests="1" failures="0" timestamp="4 Aug 2016 13:04:19 GMT" time="1.427" errors="0">
  <testcase name="testNotepadapp" time="1.427" classname="test1.TestNotepad"/>
</testsuite> <!-- test1.TestNotepad -->
